mode: set
PracticalGo/ch01/manual-parse/main.go:22.35,23.23 1 1
PracticalGo/ch01/manual-parse/main.go:23.23,25.3 1 1
PracticalGo/ch01/manual-parse/main.go:26.2,26.12 1 1
PracticalGo/ch01/manual-parse/main.go:29.30,31.2 1 1
PracticalGo/ch01/manual-parse/main.go:33.47,38.20 4 1
PracticalGo/ch01/manual-parse/main.go:38.20,40.3 1 1
PracticalGo/ch01/manual-parse/main.go:42.2,42.43 1 1
PracticalGo/ch01/manual-parse/main.go:42.43,45.3 2 1
PracticalGo/ch01/manual-parse/main.go:47.2,48.16 2 1
PracticalGo/ch01/manual-parse/main.go:48.16,50.3 1 1
PracticalGo/ch01/manual-parse/main.go:52.2,54.15 2 1
PracticalGo/ch01/manual-parse/main.go:57.56,64.38 5 1
PracticalGo/ch01/manual-parse/main.go:64.38,66.3 1 0
PracticalGo/ch01/manual-parse/main.go:68.2,69.20 2 1
PracticalGo/ch01/manual-parse/main.go:69.20,71.3 1 1
PracticalGo/ch01/manual-parse/main.go:73.2,73.18 1 1
PracticalGo/ch01/manual-parse/main.go:76.52,78.34 2 1
PracticalGo/ch01/manual-parse/main.go:78.34,80.3 1 1
PracticalGo/ch01/manual-parse/main.go:83.55,84.18 1 1
PracticalGo/ch01/manual-parse/main.go:84.18,87.3 2 1
PracticalGo/ch01/manual-parse/main.go:89.2,90.16 2 1
PracticalGo/ch01/manual-parse/main.go:90.16,92.3 1 1
PracticalGo/ch01/manual-parse/main.go:93.2,94.12 2 1
PracticalGo/ch01/manual-parse/main.go:97.13,99.16 2 0
PracticalGo/ch01/manual-parse/main.go:99.16,103.3 3 0
PracticalGo/ch01/manual-parse/main.go:105.2,106.16 2 0
PracticalGo/ch01/manual-parse/main.go:106.16,110.3 3 0
PracticalGo/ch01/manual-parse/main.go:112.2,113.16 2 0
PracticalGo/ch01/manual-parse/main.go:113.16,116.3 2 0
